<?xml version="1.0" encoding="UTF-8"?>
<!-- Generated by org.testng.reporters.JUnitReportReporter -->
<testsuite skipped="0" hostname="INBOOK_X1_SLIM" name="Script.TestScriptTest" tests="3" failures="0" timestamp="2023-04-02T15:07:20 IST" time="0.017" errors="0">
  <testcase name="demo1" time="0.002" classname="Script.TestScriptTest"/>
  <system-out/>
  <testcase name="demo" time="0.011" classname="Script.TestScriptTest"/>
  <system-out/>
  <testcase name="demo2" time="0.004" classname="Script.TestScriptTest"/>
  <system-out/>
</testsuite> <!-- Script.TestScriptTest -->
