<?xml version="1.0" encoding="UTF-8"?>
<!-- Generated by org.testng.reporters.JUnitReportReporter -->
<testsuite hostname="INBOOK_X1_SLIM" failures="0" tests="2" name="restAssured.CrudOperationWithoutbdd" time="2.446" errors="0" timestamp="2023-05-11T10:18:16 IST" skipped="0">
  <testcase classname="restAssured.CrudOperationWithoutbdd" name="single" time="0.034"/>
  <system-out/>
  <testcase classname="restAssured.CrudOperationWithoutbdd" name="crud" time="2.412"/>
  <system-out/>
</testsuite> <!-- restAssured.CrudOperationWithoutbdd -->
