<?xml version="1.0" encoding="UTF-8"?>
<!-- Generated by org.testng.reporters.JUnitReportReporter -->
<testsuite hostname="INBOOK_X1_SLIM" failures="0" tests="1" name="InterviewQuestion.Noon" time="37.701" errors="0" timestamp="2023-09-17T11:03:55 IST" skipped="0">
  <testcase classname="InterviewQuestion.Noon" name="main" time="37.701"/>
  <system-out/>
</testsuite> <!-- InterviewQuestion.Noon -->
