<?xml version="1.0" encoding="UTF-8"?>
<!-- Generated by org.testng.reporters.JUnitReportReporter -->
<testsuite hostname="INBOOK_X1_SLIM" failures="0" tests="1" name="InterviewQuestion.Map" time="10.722" errors="0" timestamp="2023-09-05T15:23:31 IST" skipped="0">
  <testcase classname="InterviewQuestion.Map" name="main" time="10.722"/>
  <system-out/>
</testsuite> <!-- InterviewQuestion.Map -->
