<?xml version="1.0" encoding="UTF-8"?>
<!-- Generated by org.testng.reporters.JUnitReportReporter -->
<testsuite hostname="INBOOK_X1_SLIM" failures="0" tests="1" name="restAssured.Serilaization1" time="0.306" errors="0" timestamp="2023-05-11T10:00:38 IST" skipped="0">
  <testcase classname="restAssured.Serilaization1" name="serial" time="0.306"/>
  <system-out/>
</testsuite> <!-- restAssured.Serilaization1 -->
