<?xml version="1.0" encoding="UTF-8"?>
<!-- Generated by org.testng.reporters.JUnitReportReporter -->
<testsuite hostname="INBOOK_X1_SLIM" failures="0" tests="1" name="Script.Dynamic" time="5.905" errors="0" timestamp="2023-04-13T04:49:41 IST" skipped="0">
  <testcase classname="Script.Dynamic" name="main" time="5.905"/>
  <system-out/>
</testsuite> <!-- Script.Dynamic -->
