<?xml version="1.0" encoding="UTF-8"?>
<!-- Generated by org.testng.reporters.JUnitReportReporter -->
<testsuite hostname="INBOOK_X1_SLIM" failures="0" tests="1" name="pattern.Script" time="18.190" errors="0" timestamp="2023-05-04T12:51:38 IST" skipped="0">
  <testcase classname="pattern.Script" name="myntra" time="18.190"/>
  <system-out/>
</testsuite> <!-- pattern.Script -->
