<?xml version="1.0" encoding="UTF-8"?>
<!-- Generated by org.testng.reporters.JUnitReportReporter -->
<testsuite hostname="INBOOK_X1_SLIM" failures="0" tests="3" name="sample.DataProviderTest" time="0.010" errors="0" timestamp="2023-10-03T14:24:11 IST" skipped="0">
  <testcase classname="sample.DataProviderTest" name="m1" time="0.001"/>
  <system-out/>
  <testcase classname="sample.DataProviderTest" name="m1" time="0.002"/>
  <system-out/>
  <testcase classname="sample.DataProviderTest" name="m1" time="0.007"/>
  <system-out/>
</testsuite> <!-- sample.DataProviderTest -->
