<?xml version="1.0" encoding="UTF-8"?>
<!-- Generated by org.testng.reporters.JUnitReportReporter -->
<testsuite hostname="INBOOK_X1_SLIM" failures="0" tests="1" name="Script.TestScriptTest2" time="0.003" errors="0" timestamp="2023-04-11T14:56:38 IST" skipped="0">
  <testcase classname="Script.TestScriptTest2" name="m1" time="0.003"/>
  <system-out/>
</testsuite> <!-- Script.TestScriptTest2 -->
