<?xml version="1.0" encoding="UTF-8"?>
<!-- Generated by org.testng.reporters.JUnitReportReporter -->
<testsuite hostname="INBOOK_X1_SLIM" failures="0" tests="1" name="Script.Str" time="0.012" errors="0" timestamp="2023-10-03T14:33:05 IST" skipped="0">
  <testcase classname="Script.Str" name="java_$java" time="0.012"/>
  <system-out/>
</testsuite> <!-- Script.Str -->
