<?xml version="1.0" encoding="UTF-8"?>
<!-- Generated by org.testng.reporters.JUnitReportReporter -->
<testsuite hostname="INBOOK_X1_SLIM" failures="0" tests="1" name="Script.DatabaseTest" time="47.438" errors="0" timestamp="2023-04-11T14:56:38 IST" skipped="0">
  <testcase classname="Script.DatabaseTest" name="demo" time="47.438"/>
  <system-out/>
</testsuite> <!-- Script.DatabaseTest -->
