<?xml version="1.0" encoding="UTF-8"?>
<!-- Generated by org.testng.reporters.JUnitReportReporter -->
<testsuite hostname="INBOOK_X1_SLIM" failures="0" tests="2" name="pattern.fetchDat" time="0.009" errors="0" timestamp="2023-08-16T22:26:51 IST" skipped="0">
  <testcase classname="pattern.fetchDat" name="get" time="0.002"/>
  <system-out/>
  <testcase classname="pattern.fetchDat" name="get" time="0.007"/>
  <system-out/>
</testsuite> <!-- pattern.fetchDat -->
