<?xml version="1.0" encoding="UTF-8"?>
<!-- Generated by org.testng.reporters.JUnitReportReporter -->
<testsuite hostname="INBOOK_X1_SLIM" failures="0" tests="1" name="program.DataDriven" time="2.409" errors="0" timestamp="2023-05-23T15:42:43 IST" skipped="0">
  <testcase classname="program.DataDriven" name="demo" time="2.409"/>
  <system-out/>
</testsuite> <!-- program.DataDriven -->
