<?xml version="1.0" encoding="UTF-8"?>
<!-- Generated by org.testng.reporters.JUnitReportReporter -->
<testsuite hostname="INBOOK_X1_SLIM" failures="0" tests="1" name="restAssured.Deserialization" time="0.323" errors="0" timestamp="2023-05-11T10:05:48 IST" skipped="0">
  <testcase classname="restAssured.Deserialization" name="de" time="0.323"/>
  <system-out/>
</testsuite> <!-- restAssured.Deserialization -->
