<?xml version="1.0" encoding="UTF-8"?>
<!-- Generated by org.testng.reporters.JUnitReportReporter -->
<testsuite hostname="INBOOK_X1_SLIM" failures="0" tests="1" name="InterviewQuestion.Java" time="0.010" errors="0" timestamp="2023-09-11T11:06:15 IST" skipped="0">
  <testcase classname="InterviewQuestion.Java" name="main" time="0.010"/>
  <system-out/>
</testsuite> <!-- InterviewQuestion.Java -->
