<?xml version="1.0" encoding="UTF-8"?>
<!-- Generated by org.testng.reporters.JUnitReportReporter -->
<testsuite hostname="INBOOK_X1_SLIM" failures="0" tests="1" name="stringPrograme.ReverseTheString" time="0.010" errors="0" timestamp="2023-04-17T10:06:53 IST" skipped="0">
  <testcase classname="stringPrograme.ReverseTheString" name="reverse" time="0.010"/>
  <system-out/>
</testsuite> <!-- stringPrograme.ReverseTheString -->
