<?xml version="1.0" encoding="UTF-8"?>
<!-- Generated by org.testng.reporters.JUnitReportReporter -->
<testsuite skipped="0" hostname="INBOOK_X1_SLIM" name="Script.TestScriptTest1" tests="1" failures="0" timestamp="2023-04-03T09:28:56 IST" time="0.019" errors="0">
  <testcase name="login" time="0.019" classname="Script.TestScriptTest1"/>
  <system-out/>
</testsuite> <!-- Script.TestScriptTest1 -->
