<?xml version="1.0" encoding="UTF-8"?>
<!-- Generated by org.testng.reporters.JUnitReportReporter -->
<testsuite hostname="INBOOK_X1_SLIM" failures="0" tests="1" name="InterviewQuestion.FireFox" time="8.633" errors="0" timestamp="2023-08-14T15:01:27 IST" skipped="0">
  <testcase classname="InterviewQuestion.FireFox" name="main" time="8.633"/>
  <system-out/>
</testsuite> <!-- InterviewQuestion.FireFox -->
