<?xml version="1.0" encoding="UTF-8"?>
<!-- Generated by org.testng.reporters.JUnitReportReporter -->
<testsuite hostname="INBOOK_X1_SLIM" failures="0" tests="2" name="pattern.Data" time="0.008" errors="0" timestamp="2023-05-04T15:10:40 IST" skipped="0">
  <testcase classname="pattern.Data" name="get" time="0.006"/>
  <system-out/>
  <testcase classname="pattern.Data" name="get" time="0.002"/>
  <system-out/>
</testsuite> <!-- pattern.Data -->
