<?xml version="1.0" encoding="UTF-8"?>
<!-- Generated by org.testng.reporters.JUnitReportReporter -->
<testsuite hostname="INBOOK_X1_SLIM" failures="0" tests="1" name="Script.BrokenLink" time="20.807" errors="0" timestamp="2023-04-12T09:47:40 IST" skipped="0">
  <testcase classname="Script.BrokenLink" name="demo" time="20.807"/>
  <system-out/>
</testsuite> <!-- Script.BrokenLink -->
