<?xml version="1.0" encoding="UTF-8"?>
<!-- Generated by org.testng.reporters.JUnitReportReporter -->
<testsuite hostname="INBOOK_X1_SLIM" failures="0" tests="2" name="Script.TestScriptTest1" time="0.015" errors="0" timestamp="2023-04-11T14:56:38 IST" skipped="0">
  <testcase classname="Script.TestScriptTest1" name="password" time="0.004"/>
  <system-out/>
  <testcase classname="Script.TestScriptTest1" name="login" time="0.011"/>
  <system-out/>
</testsuite> <!-- Script.TestScriptTest1 -->
