<?xml version="1.0" encoding="UTF-8"?>
<!-- Generated by org.testng.reporters.JUnitReportReporter -->
<testsuite hostname="INBOOK_X1_SLIM" failures="0" tests="1" name="mock.SelectTest" time="0.011" errors="0" timestamp="2023-04-20T14:26:01 IST" skipped="0">
  <testcase classname="mock.SelectTest" name="m" time="0.011"/>
  <system-out/>
</testsuite> <!-- mock.SelectTest -->
