<?xml version="1.0" encoding="UTF-8"?>
<!-- Generated by org.testng.reporters.JUnitReportReporter -->
<testsuite hostname="INBOOK_X1_SLIM" failures="0" tests="3" name="practice.LinkedListTest" time="0.011" errors="0" timestamp="2023-08-27T15:12:35 IST" skipped="0">
  <testcase classname="practice.LinkedListTest" name="getData" time="0.006"/>
  <system-out/>
  <testcase classname="practice.LinkedListTest" name="getData" time="0.002"/>
  <system-out/>
  <testcase classname="practice.LinkedListTest" name="getData" time="0.003"/>
  <system-out/>
</testsuite> <!-- practice.LinkedListTest -->
