<?xml version="1.0" encoding="UTF-8"?>
<!-- Generated by org.testng.reporters.JUnitReportReporter -->
<testsuite hostname="INBOOK_X1_SLIM" failures="0" tests="1" name="InterviewQuestion.Chrome" time="90.555" errors="0" timestamp="2023-08-14T14:58:41 IST" skipped="0">
  <testcase classname="InterviewQuestion.Chrome" name="main" time="90.555"/>
  <system-out/>
</testsuite> <!-- InterviewQuestion.Chrome -->
