<?xml version="1.0" encoding="UTF-8"?>
<!-- Generated by org.testng.reporters.JUnitReportReporter -->
<testsuite hostname="INBOOK_X1_SLIM" failures="0" tests="1" name="InterviewQuestion.Edge" time="8.554" errors="0" timestamp="2023-08-14T15:01:27 IST" skipped="0">
  <testcase classname="InterviewQuestion.Edge" name="main" time="8.554"/>
  <system-out/>
</testsuite> <!-- InterviewQuestion.Edge -->
